<?xml version="1.0" encoding="UTF-8"?>
<!-- Generated by org.testng.reporters.JUnitReportReporter -->
<testsuite hostname="DESKTOP-03I9Q8G" failures="0" tests="2" name="test.Saucedemotest" time="33.753" errors="0" timestamp="2023-07-04T15:24:38 IST" skipped="0">
  <testcase classname="test.Saucedemotest" name="login" time="0.028"/>
  <system-out/>
  <testcase classname="test.Saucedemotest" name="test" time="33.725"/>
  <system-out/>
</testsuite> <!-- test.Saucedemotest -->
