<?xml version="1.0" encoding="UTF-8"?>
<!-- Generated by org.testng.reporters.JUnitReportReporter -->
<testsuite hostname="DESKTOP-03I9Q8G" failures="0" tests="1" name="test1.Swaglabstest" time="18.608" errors="0" timestamp="2023-07-01T11:12:33 IST" skipped="0">
  <testcase classname="test1.Swaglabstest" name="test" time="18.608"/>
  <system-out/>
</testsuite> <!-- test1.Swaglabstest -->
